-1.7
-encoding
UTF-8
-classpath
C:\Users\Corwin\.m2\repository\kg\apc\jmeter-plugins-standard\1.2.0\jmeter-plugins-standard-1.2.0.jar;C:\Users\Corwin\.m2\repository\org\apache\httpcomponents\httpclient\4.3.1\httpclient-4.3.1.jar;C:\Users\Corwin\.m2\repository\org\aspectj\aspectjrt\1.8.2\aspectjrt-1.8.2.jar;C:\Users\Corwin\.m2\repository\org\apache\jmeter\ApacheJMeter_core\2.11\ApacheJMeter_core-2.11.jar;C:\Users\Corwin\.m2\repository\bsf\bsf\2.4.0\bsf-2.4.0.jar;C:\Users\Corwin\.m2\repository\avalon-framework\avalon-framework\4.1.4\avalon-framework-4.1.4.jar;C:\Users\Corwin\.m2\repository\org\beanshell\bsh\2.0b5\bsh-2.0b5.jar;C:\Users\Corwin\.m2\repository\org\bouncycastle\bcmail-jdk15on\1.49\bcmail-jdk15on-1.49.jar;C:\Users\Corwin\.m2\repository\org\bouncycastle\bcprov-jdk15on\1.49\bcprov-jdk15on-1.49.jar;C:\Users\Corwin\.m2\repository\org\bouncycastle\bcpkix-jdk15on\1.49\bcpkix-jdk15on-1.49.jar;C:\Users\Corwin\.m2\repository\commons-collections\commons-collections\3.2.1\commons-collections-3.2.1.jar;C:\Users\Corwin\.m2\repository\commons-httpclient\commons-httpclient\3.1\commons-httpclient-3.1.jar;C:\Users\Corwin\.m2\repository\commons-io\commons-io\2.4\commons-io-2.4.jar;C:\Users\Corwin\.m2\repository\commons-jexl\commons-jexl\1.1\commons-jexl-1.1.jar;C:\Users\Corwin\.m2\repository\org\apache\commons\commons-jexl\2.1.1\commons-jexl-2.1.1.jar;C:\Users\Corwin\.m2\repository\org\apache\commons\commons-lang3\3.1\commons-lang3-3.1.jar;C:\Users\Corwin\.m2\repository\commons-net\commons-net\3.3\commons-net-3.3.jar;C:\Users\Corwin\.m2\repository\excalibur-datasource\excalibur-datasource\1.1.1\excalibur-datasource-1.1.1.jar;C:\Users\Corwin\.m2\repository\excalibur-instrument\excalibur-instrument\1.0\excalibur-instrument-1.0.jar;C:\Users\Corwin\.m2\repository\excalibur-logger\excalibur-logger\1.1\excalibur-logger-1.1.jar;C:\Users\Corwin\.m2\repository\excalibur-pool\excalibur-pool\1.2\excalibur-pool-1.2.jar;C:\Users\Corwin\.m2\repository\org\htmlparser\htmllexer\2.1\htmllexer-2.1.jar;C:\Users\Corwin\.m2\repository\org\htmlparser\htmlparser\2.1\htmlparser-2.1.jar;C:\Users\Corwin\.m2\repository\org\apache\httpcomponents\httpmime\4.2.6\httpmime-4.2.6.jar;C:\Users\Corwin\.m2\repository\oro\oro\2.0.8\oro-2.0.8.jar;C:\Users\Corwin\.m2\repository\jcharts\jcharts\0.7.5\jcharts-0.7.5.jar;C:\Users\Corwin\.m2\repository\org\jdom\jdom\1.1.3\jdom-1.1.3.jar;C:\Users\Corwin\.m2\repository\org\mozilla\rhino\1.7R4\rhino-1.7R4.jar;C:\Users\Corwin\.m2\repository\junit\junit\4.11\junit-4.11.jar;C:\Users\Corwin\.m2\repository\org\hamcrest\hamcrest-core\1.3\hamcrest-core-1.3.jar;C:\Users\Corwin\.m2\repository\logkit\logkit\2.0\logkit-2.0.jar;C:\Users\Corwin\.m2\repository\soap\soap\2.3.1\soap-2.3.1.jar;C:\Users\Corwin\.m2\repository\net\sf\jtidy\jtidy\r938\jtidy-r938.jar;C:\Users\Corwin\.m2\repository\org\apache\tika\tika-core\1.4\tika-core-1.4.jar;C:\Users\Corwin\.m2\repository\org\apache\tika\tika-parsers\1.4\tika-parsers-1.4.jar;C:\Users\Corwin\.m2\repository\org\gagravarr\vorbis-java-tika\0.1\vorbis-java-tika-0.1.jar;C:\Users\Corwin\.m2\repository\org\gagravarr\vorbis-java-core\0.1\vorbis-java-core-0.1-tests.jar;C:\Users\Corwin\.m2\repository\edu\ucar\netcdf\4.2-min\netcdf-4.2-min.jar;C:\Users\Corwin\.m2\repository\org\apache\james\apache-mime4j-core\0.7.2\apache-mime4j-core-0.7.2.jar;C:\Users\Corwin\.m2\repository\org\apache\james\apache-mime4j-dom\0.7.2\apache-mime4j-dom-0.7.2.jar;C:\Users\Corwin\.m2\repository\org\apache\commons\commons-compress\1.5\commons-compress-1.5.jar;C:\Users\Corwin\.m2\repository\org\tukaani\xz\1.2\xz-1.2.jar;C:\Users\Corwin\.m2\repository\org\apache\pdfbox\pdfbox\1.8.1\pdfbox-1.8.1.jar;C:\Users\Corwin\.m2\repository\org\apache\pdfbox\fontbox\1.8.1\fontbox-1.8.1.jar;C:\Users\Corwin\.m2\repository\org\apache\pdfbox\jempbox\1.8.1\jempbox-1.8.1.jar;C:\Users\Corwin\.m2\repository\org\bouncycastle\bcmail-jdk15\1.45\bcmail-jdk15-1.45.jar;C:\Users\Corwin\.m2\repository\org\bouncycastle\bcprov-jdk15\1.45\bcprov-jdk15-1.45.jar;C:\Users\Corwin\.m2\repository\org\apache\poi\poi\3.9\poi-3.9.jar;C:\Users\Corwin\.m2\repository\org\apache\poi\poi-scratchpad\3.9\poi-scratchpad-3.9.jar;C:\Users\Corwin\.m2\repository\org\apache\poi\poi-ooxml\3.9\poi-ooxml-3.9.jar;C:\Users\Corwin\.m2\repository\org\apache\poi\poi-ooxml-schemas\3.9\poi-ooxml-schemas-3.9.jar;C:\Users\Corwin\.m2\repository\org\apache\xmlbeans\xmlbeans\2.3.0\xmlbeans-2.3.0.jar;C:\Users\Corwin\.m2\repository\dom4j\dom4j\1.6.1\dom4j-1.6.1.jar;C:\Users\Corwin\.m2\repository\org\apache\geronimo\specs\geronimo-stax-api_1.0_spec\1.0.1\geronimo-stax-api_1.0_spec-1.0.1.jar;C:\Users\Corwin\.m2\repository\org\ccil\cowan\tagsoup\tagsoup\1.2.1\tagsoup-1.2.1.jar;C:\Users\Corwin\.m2\repository\org\ow2\asm\asm-debug-all\4.1\asm-debug-all-4.1.jar;C:\Users\Corwin\.m2\repository\com\googlecode\mp4parser\isoparser\1.0-RC-1\isoparser-1.0-RC-1.jar;C:\Users\Corwin\.m2\repository\com\drewnoakes\metadata-extractor\2.6.2\metadata-extractor-2.6.2.jar;C:\Users\Corwin\.m2\repository\com\adobe\xmp\xmpcore\5.1.2\xmpcore-5.1.2.jar;C:\Users\Corwin\.m2\repository\de\l3s\boilerpipe\boilerpipe\1.1.0\boilerpipe-1.1.0.jar;C:\Users\Corwin\.m2\repository\rome\rome\0.9\rome-0.9.jar;C:\Users\Corwin\.m2\repository\jdom\jdom\1.0\jdom-1.0.jar;C:\Users\Corwin\.m2\repository\org\gagravarr\vorbis-java-core\0.1\vorbis-java-core-0.1.jar;C:\Users\Corwin\.m2\repository\com\googlecode\juniversalchardet\juniversalchardet\1.0.3\juniversalchardet-1.0.3.jar;C:\Users\Corwin\.m2\repository\com\thoughtworks\xstream\xstream\1.4.4\xstream-1.4.4.jar;C:\Users\Corwin\.m2\repository\xmlpull\xmlpull\1.1.3.1\xmlpull-1.1.3.1.jar;C:\Users\Corwin\.m2\repository\xpp3\xpp3_min\1.1.4c\xpp3_min-1.1.4c.jar;C:\Users\Corwin\.m2\repository\xalan\xalan\2.7.1\xalan-2.7.1.jar;C:\Users\Corwin\.m2\repository\xalan\serializer\2.7.1\serializer-2.7.1.jar;C:\Users\Corwin\.m2\repository\xerces\xercesImpl\2.9.1\xercesImpl-2.9.1.jar;C:\Users\Corwin\.m2\repository\xml-apis\xml-apis\1.3.04\xml-apis-1.3.04.jar;C:\Users\Corwin\.m2\repository\org\apache\xmlgraphics\xmlgraphics-commons\1.5\xmlgraphics-commons-1.5.jar;C:\Users\Corwin\.m2\repository\javax\mail\mail\1.5.0-b01\mail-1.5.0-b01.jar;C:\Users\Corwin\.m2\repository\javax\activation\activation\1.1\activation-1.1.jar;C:\Users\Corwin\.m2\repository\org\apache\geronimo\specs\geronimo-jms_1.1_spec\1.1.1\geronimo-jms_1.1_spec-1.1.1.jar;C:\Users\Corwin\.m2\repository\org\jsoup\jsoup\1.7.3\jsoup-1.7.3.jar;C:\Users\Corwin\.m2\repository\org\jodd\jodd-core\3.4.10\jodd-core-3.4.10.jar;C:\Users\Corwin\.m2\repository\org\jodd\jodd-lagarto\3.4.10\jodd-lagarto-3.4.10.jar;C:\Users\Corwin\.m2\repository\org\mongodb\mongo-java-driver\2.11.3\mongo-java-driver-2.11.3.jar;C:\Users\Corwin\.m2\repository\com\fifesoft\rsyntaxtextarea\2.5.1\rsyntaxtextarea-2.5.1.jar;C:\Users\Corwin\.m2\repository\org\slf4j\slf4j-api\1.7.5\slf4j-api-1.7.5.jar;C:\Users\Corwin\.m2\repository\org\slf4j\slf4j-nop\1.7.5\slf4j-nop-1.7.5.jar;C:\Users\Corwin\.m2\repository\org\apache\jmeter\ApacheJMeter_components\2.11\ApacheJMeter_components-2.11.jar;C:\Users\Corwin\.m2\repository\org\apache\jmeter\ApacheJMeter_http\2.11\ApacheJMeter_http-2.11.jar;C:\Users\Corwin\.m2\repository\org\apache\jmeter\jorphan\2.11\jorphan-2.11.jar;C:\Users\Corwin\.m2\repository\log4j\log4j\1.2.17\log4j-1.2.17.jar;C:\Users\Corwin\.m2\repository\org\apache\httpcomponents\httpcore\4.3\httpcore-4.3.jar;C:\Users\Corwin\.m2\repository\commons-logging\commons-logging\1.1.3\commons-logging-1.1.3.jar;C:\Users\Corwin\.m2\repository\commons-codec\commons-codec\1.6\commons-codec-1.6.jar;D:\Julia\Idea\af.reporting\af.reporting\target\classes
-d
D:\Julia\Idea\af.reporting\af.reporting\target\classes
D:\Julia\Idea\af.reporting\af.reporting\src\main\java\ss\af\reporting\annotations\ServiceReport.java
D:\Julia\Idea\af.reporting\af.reporting\src\main\java\ss\af\reporting\aspects\ServerPerfMonAspect.java
D:\Julia\Idea\af.reporting\af.reporting\src\main\java\ss\af\reporting\aspects\TraceExceptionsAspect.java
D:\Julia\Idea\af.reporting\af.reporting\src\main\java\ss\af\reporting\aspects\TraceMethodCallsAspect.java
D:\Julia\Idea\af.reporting\af.reporting\src\main\java\ss\af\reporting\AutomationSuiteContext.java
D:\Julia\Idea\af.reporting\af.reporting\src\main\java\ss\af\reporting\baseclasses\AutoTestWithReporting.java
D:\Julia\Idea\af.reporting\af.reporting\src\main\java\ss\af\reporting\factories\HtmlTestReportFactory.java
D:\Julia\Idea\af.reporting\af.reporting\src\main\java\ss\af\reporting\GenericReportsFactory.java
D:\Julia\Idea\af.reporting\af.reporting\src\main\java\ss\af\reporting\HtmlReportSettings.java
D:\Julia\Idea\af.reporting\af.reporting\src\main\java\ss\af\reporting\HtmlSuiteReportSettings.java
D:\Julia\Idea\af.reporting\af.reporting\src\main\java\ss\af\reporting\impl\html\HtmlReportBase.java
D:\Julia\Idea\af.reporting\af.reporting\src\main\java\ss\af\reporting\impl\html\HtmlSuiteReport.java
D:\Julia\Idea\af.reporting\af.reporting\src\main\java\ss\af\reporting\impl\html\HtmlTestReport.java
D:\Julia\Idea\af.reporting\af.reporting\src\main\java\ss\af\reporting\impl\xml\XmlReportWriter.java
D:\Julia\Idea\af.reporting\af.reporting\src\main\java\ss\af\reporting\impl\xml\XmlReportWriterImpl.java
D:\Julia\Idea\af.reporting\af.reporting\src\main\java\ss\af\reporting\impl\xml\XmlSuiteReport.java
D:\Julia\Idea\af.reporting\af.reporting\src\main\java\ss\af\reporting\impl\xml\XmlTestInformation.java
D:\Julia\Idea\af.reporting\af.reporting\src\main\java\ss\af\reporting\impl\xml\XmlTestReport.java
D:\Julia\Idea\af.reporting\af.reporting\src\main\java\ss\af\reporting\impl\xml\XmlTestReportBase.java
D:\Julia\Idea\af.reporting\af.reporting\src\main\java\ss\af\reporting\ReportListenerLevel.java
D:\Julia\Idea\af.reporting\af.reporting\src\main\java\ss\af\reporting\statistics\MethodsStatisticEngine.java
D:\Julia\Idea\af.reporting\af.reporting\src\main\java\ss\af\reporting\statistics\MethodsStatisticEngineImpl.java
D:\Julia\Idea\af.reporting\af.reporting\src\main\java\ss\af\reporting\statistics\StatisticsCollector.java
D:\Julia\Idea\af.reporting\af.reporting\src\main\java\ss\af\reporting\SuiteReport.java
D:\Julia\Idea\af.reporting\af.reporting\src\main\java\ss\af\reporting\SuiteReportChain.java
D:\Julia\Idea\af.reporting\af.reporting\src\main\java\ss\af\reporting\TestInformation.java
D:\Julia\Idea\af.reporting\af.reporting\src\main\java\ss\af\reporting\TestReport.java
D:\Julia\Idea\af.reporting\af.reporting\src\main\java\ss\af\reporting\TestReportChain.java
D:\Julia\Idea\af.reporting\af.reporting\src\main\java\ss\af\reporting\TestReportFactory.java
D:\Julia\Idea\af.reporting\af.reporting\src\main\java\ss\af\reporting\tests\BusinessLogicMock.java
D:\Julia\Idea\af.reporting\af.reporting\src\main\java\ss\af\reporting\tests\JUnitAspectTest.java
D:\Julia\Idea\af.reporting\af.reporting\src\main\java\ss\af\reporting\tests\TestNGAspectTest.java
D:\Julia\Idea\af.reporting\af.reporting\src\main\java\ss\af\reporting\utils\ServerPerfMonitor.java
D:\Julia\Idea\af.reporting\af.reporting\src\main\java\ss\af\reporting\utils\Utils.java
D:\Julia\Idea\af.reporting\af.reporting\src\main\java\ss\af\reporting\XmlReportSettings.java
D:\Julia\Idea\af.reporting\af.reporting\src\main\java\ss\af\reporting\XmlSuiteReportSettings.java
